<?xml version="1.0" encoding="UTF-8"?>
<testng-results ignored="0" total="1" passed="1" failed="0" skipped="0">
  <reporter-output>
  </reporter-output>
  <suite started-at="2018-12-18T21:28:15Z" name="nopCommerce" finished-at="2018-12-18T21:29:49Z" duration-ms="94117">
    <groups>
    </groups>
    <test started-at="2018-12-18T21:28:15Z" name="Test1" finished-at="2018-12-18T21:29:49Z" duration-ms="94117">
      <class name="com.nopcommerce.testCases.TC_AddCustomerTest_004">
        <test-method is-config="true" signature="setup(java.lang.String)[pri:0, instance:com.nopcommerce.testCases.TC_AddCustomerTest_004@4c39bec8]" started-at="2018-12-18T21:28:15Z" name="setup" finished-at="2018-12-18T21:28:33Z" duration-ms="17462" status="PASS">
          <params>
            <param index="0">
              <value>
                <![CDATA[chrome]]>
              </value>
            </param>
          </params>
          <reporter-output>
          </reporter-output>
        </test-method> <!-- setup -->
        <test-method signature="addNewCustomer()[pri:0, instance:com.nopcommerce.testCases.TC_AddCustomerTest_004@4c39bec8]" started-at="2018-12-18T21:28:33Z" name="addNewCustomer" finished-at="2018-12-18T21:29:48Z" duration-ms="75614" status="PASS">
          <reporter-output>
          </reporter-output>
        </test-method> <!-- addNewCustomer -->
        <test-method is-config="true" signature="tearDown()[pri:0, instance:com.nopcommerce.testCases.TC_AddCustomerTest_004@4c39bec8]" started-at="2018-12-18T21:29:48Z" name="tearDown" finished-at="2018-12-18T21:29:49Z" duration-ms="660" status="PASS">
          <reporter-output>
          </reporter-output>
        </test-method> <!-- tearDown -->
      </class> <!-- com.nopcommerce.testCases.TC_AddCustomerTest_004 -->
    </test> <!-- Test1 -->
  </suite> <!-- nopCommerce -->
</testng-results>
